app/build/intermediates/manifest_merge_blame_file/debug/processDebugMainManifest/manifest-merger-blame-debug-report.txt
1<?xml version="1.0" encoding="utf-8"?>
2<manifest xmlns:android="http://schemas.android.com/apk/res/android"
3    package="com.privacyshield.app"
4    android:versionCode="1"
5    android:versionName="1.0" >
6
7    <uses-sdk
8        android:minSdkVersion="26"
9        android:targetSdkVersion="35" />
10
11    <uses-feature
11-->src\main\AndroidManifest.xml:4:5-6:36
12        android:name="android.hardware.camera"
12-->src\main\AndroidManifest.xml:5:9-47
13        android:required="false" />
13-->src\main\AndroidManifest.xml:6:9-33
14    <uses-feature
14-->src\main\AndroidManifest.xml:7:5-9:36
15        android:name="android.hardware.sensor.accelerometer"
15-->src\main\AndroidManifest.xml:8:9-61
16        android:required="false" />
16-->src\main\AndroidManifest.xml:9:9-33
17
18    <uses-permission android:name="android.permission.CAMERA" />
18-->src\main\AndroidManifest.xml:11:5-65
18-->src\main\AndroidManifest.xml:11:22-62
19    <uses-permission
19-->src\main\AndroidManifest.xml:12:5-14:38
20        android:name="android.permission.READ_EXTERNAL_STORAGE"
20-->src\main\AndroidManifest.xml:13:9-64
21        android:maxSdkVersion="32" />
21-->src\main\AndroidManifest.xml:14:9-35
22    <uses-permission android:name="android.permission.READ_MEDIA_IMAGES" />
22-->src\main\AndroidManifest.xml:15:5-76
22-->src\main\AndroidManifest.xml:15:22-73
23    <uses-permission android:name="android.permission.USE_BIOMETRIC" /> <!-- suppress DeprecatedClassUsageInspection -->
23-->[androidx.biometric:biometric:1.2.0-alpha05] AndroidManifest.xml:22:5-72
23-->[androidx.biometric:biometric:1.2.0-alpha05] AndroidManifest.xml:22:22-69
24    <uses-permission android:name="android.permission.USE_FINGERPRINT" />
24-->[androidx.biometric:biometric:1.2.0-alpha05] AndroidManifest.xml:25:5-74
24-->[androidx.biometric:biometric:1.2.0-alpha05] AndroidManifest.xml:25:22-71
25
26    <permission
26-->[androidx.core:core:1.15.0] AndroidManifest.xml:22:5-24:47
27        android:name="com.privacyshield.app.DYNAMIC_RECEIVER_NOT_EXPORTED_PERMISSION"
27-->[androidx.core:core:1.15.0] AndroidManifest.xml:23:9-81
28        android:protectionLevel="signature" />
28-->[androidx.core:core:1.15.0] AndroidManifest.xml:24:9-44
29
30    <uses-permission android:name="com.privacyshield.app.DYNAMIC_RECEIVER_NOT_EXPORTED_PERMISSION" /> <!-- Although the *SdkVersion is captured in gradle build files, this is required for non gradle builds -->
30-->[androidx.core:core:1.15.0] AndroidManifest.xml:26:5-97
30-->[androidx.core:core:1.15.0] AndroidManifest.xml:26:22-94
31    <!-- <uses-sdk android:minSdkVersion="14"/> -->
32    <uses-permission android:name="android.permission.ACCESS_NETWORK_STATE" />
32-->[com.google.android.datatransport:transport-backend-cct:2.3.3] AndroidManifest.xml:25:5-79
32-->[com.google.android.datatransport:transport-backend-cct:2.3.3] AndroidManifest.xml:25:22-76
33    <uses-permission android:name="android.permission.INTERNET" />
33-->[com.google.android.datatransport:transport-backend-cct:2.3.3] AndroidManifest.xml:26:5-67
33-->[com.google.android.datatransport:transport-backend-cct:2.3.3] AndroidManifest.xml:26:22-64
34
35    <application
35-->src\main\AndroidManifest.xml:17:5-62:19
36        android:allowBackup="false"
36-->src\main\AndroidManifest.xml:18:9-36
37        android:appComponentFactory="androidx.core.app.CoreComponentFactory"
37-->[androidx.core:core:1.15.0] AndroidManifest.xml:28:18-86
38        android:dataExtractionRules="@null"
38-->src\main\AndroidManifest.xml:19:9-44
39        android:debuggable="true"
40        android:extractNativeLibs="false"
41        android:fullBackupContent="false"
41-->src\main\AndroidManifest.xml:20:9-42
42        android:icon="@android:drawable/ic_secure"
42-->src\main\AndroidManifest.xml:21:9-51
43        android:label="@string/app_name"
43-->src\main\AndroidManifest.xml:22:9-41
44        android:roundIcon="@android:drawable/ic_secure"
44-->src\main\AndroidManifest.xml:23:9-56
45        android:supportsRtl="true"
45-->src\main\AndroidManifest.xml:24:9-35
46        android:theme="@style/Theme.PrivacyShield" >
46-->src\main\AndroidManifest.xml:25:9-51
47        <activity
47-->src\main\AndroidManifest.xml:27:9-50:20
48            android:name="com.privacyshield.app.MainActivity"
48-->src\main\AndroidManifest.xml:28:13-41
49            android:exported="true"
49-->src\main\AndroidManifest.xml:29:13-36
50            android:launchMode="singleTask"
50-->src\main\AndroidManifest.xml:30:13-44
51            android:windowSoftInputMode="adjustResize" >
51-->src\main\AndroidManifest.xml:31:13-55
52            <intent-filter>
52-->src\main\AndroidManifest.xml:33:13-36:29
53                <action android:name="android.intent.action.MAIN" />
53-->src\main\AndroidManifest.xml:34:17-69
53-->src\main\AndroidManifest.xml:34:25-66
54
55                <category android:name="android.intent.category.LAUNCHER" />
55-->src\main\AndroidManifest.xml:35:17-77
55-->src\main\AndroidManifest.xml:35:27-74
56            </intent-filter>
57
58            <!-- Receive image from another app (WhatsApp, Gallery, etc.) via Android Sharesheet -->
59            <intent-filter android:label="Shield &amp; Protect" >
59-->src\main\AndroidManifest.xml:39:13-43:29
59-->src\main\AndroidManifest.xml:39:28-64
60                <action android:name="android.intent.action.SEND" />
60-->src\main\AndroidManifest.xml:40:17-69
60-->src\main\AndroidManifest.xml:40:25-66
61
62                <category android:name="android.intent.category.DEFAULT" />
62-->src\main\AndroidManifest.xml:41:17-76
62-->src\main\AndroidManifest.xml:41:27-73
63
64                <data android:mimeType="image/*" />
64-->src\main\AndroidManifest.xml:42:17-52
64-->src\main\AndroidManifest.xml:42:23-49
65            </intent-filter>
66            <intent-filter android:label="Shield &amp; Protect" >
66-->src\main\AndroidManifest.xml:45:13-49:29
66-->src\main\AndroidManifest.xml:45:28-64
67                <action android:name="android.intent.action.SEND_MULTIPLE" />
67-->src\main\AndroidManifest.xml:46:17-78
67-->src\main\AndroidManifest.xml:46:25-75
68
69                <category android:name="android.intent.category.DEFAULT" />
69-->src\main\AndroidManifest.xml:41:17-76
69-->src\main\AndroidManifest.xml:41:27-73
70
71                <data android:mimeType="image/*" />
71-->src\main\AndroidManifest.xml:42:17-52
71-->src\main\AndroidManifest.xml:42:23-49
72            </intent-filter>
73        </activity>
74
75        <provider
76            android:name="androidx.core.content.FileProvider"
76-->src\main\AndroidManifest.xml:53:13-62
77            android:authorities="com.privacyshield.app.fileprovider"
77-->src\main\AndroidManifest.xml:54:13-64
78            android:exported="false"
78-->src\main\AndroidManifest.xml:55:13-37
79            android:grantUriPermissions="true" >
79-->src\main\AndroidManifest.xml:56:13-47
80            <meta-data
80-->src\main\AndroidManifest.xml:57:13-59:54
81                android:name="android.support.FILE_PROVIDER_PATHS"
81-->src\main\AndroidManifest.xml:58:17-67
82                android:resource="@xml/file_paths" />
82-->src\main\AndroidManifest.xml:59:17-51
83        </provider>
84
85        <service
85-->[androidx.camera:camera-camera2:1.4.0] AndroidManifest.xml:24:9-33:19
86            android:name="androidx.camera.core.impl.MetadataHolderService"
86-->[androidx.camera:camera-camera2:1.4.0] AndroidManifest.xml:25:13-75
87            android:enabled="false"
87-->[androidx.camera:camera-camera2:1.4.0] AndroidManifest.xml:26:13-36
88            android:exported="false" >
88-->[androidx.camera:camera-camera2:1.4.0] AndroidManifest.xml:27:13-37
89            <meta-data
89-->[androidx.camera:camera-camera2:1.4.0] AndroidManifest.xml:30:13-32:89
90                android:name="androidx.camera.core.impl.MetadataHolderService.DEFAULT_CONFIG_PROVIDER"
90-->[androidx.camera:camera-camera2:1.4.0] AndroidManifest.xml:31:17-103
91                android:value="androidx.camera.camera2.Camera2Config$DefaultProvider" />
91-->[androidx.camera:camera-camera2:1.4.0] AndroidManifest.xml:32:17-86
92        </service>
93        <service
93-->[com.google.android.gms:play-services-mlkit-face-detection:17.1.0] AndroidManifest.xml:9:9-15:19
94            android:name="com.google.mlkit.common.internal.MlKitComponentDiscoveryService"
94-->[com.google.android.gms:play-services-mlkit-face-detection:17.1.0] AndroidManifest.xml:10:13-91
95            android:directBootAware="true"
95-->[com.google.mlkit:common:18.11.0] AndroidManifest.xml:17:13-43
96            android:exported="false" >
96-->[com.google.android.gms:play-services-mlkit-face-detection:17.1.0] AndroidManifest.xml:11:13-37
97            <meta-data
97-->[com.google.android.gms:play-services-mlkit-face-detection:17.1.0] AndroidManifest.xml:12:13-14:85
98                android:name="com.google.firebase.components:com.google.mlkit.vision.face.internal.FaceRegistrar"
98-->[com.google.android.gms:play-services-mlkit-face-detection:17.1.0] AndroidManifest.xml:13:17-114
99                android:value="com.google.firebase.components.ComponentRegistrar" />
99-->[com.google.android.gms:play-services-mlkit-face-detection:17.1.0] AndroidManifest.xml:14:17-82
100            <meta-data
100-->[com.google.android.gms:play-services-mlkit-text-recognition-common:19.1.0] AndroidManifest.xml:12:13-14:85
101                android:name="com.google.firebase.components:com.google.mlkit.vision.text.internal.TextRegistrar"
101-->[com.google.android.gms:play-services-mlkit-text-recognition-common:19.1.0] AndroidManifest.xml:13:17-114
102                android:value="com.google.firebase.components.ComponentRegistrar" />
102-->[com.google.android.gms:play-services-mlkit-text-recognition-common:19.1.0] AndroidManifest.xml:14:17-82
103            <meta-data
103-->[com.google.mlkit:vision-common:17.3.0] AndroidManifest.xml:12:13-14:85
104                android:name="com.google.firebase.components:com.google.mlkit.vision.common.internal.VisionCommonRegistrar"
104-->[com.google.mlkit:vision-common:17.3.0] AndroidManifest.xml:13:17-124
105                android:value="com.google.firebase.components.ComponentRegistrar" />
105-->[com.google.mlkit:vision-common:17.3.0] AndroidManifest.xml:14:17-82
106            <meta-data
106-->[com.google.mlkit:common:18.11.0] AndroidManifest.xml:20:13-22:85
107                android:name="com.google.firebase.components:com.google.mlkit.common.internal.CommonComponentRegistrar"
107-->[com.google.mlkit:common:18.11.0] AndroidManifest.xml:21:17-120
108                android:value="com.google.firebase.components.ComponentRegistrar" />
108-->[com.google.mlkit:common:18.11.0] AndroidManifest.xml:22:17-82
109        </service>
110
111        <provider
111-->[com.google.mlkit:common:18.11.0] AndroidManifest.xml:9:9-13:38
112            android:name="com.google.mlkit.common.internal.MlKitInitProvider"
112-->[com.google.mlkit:common:18.11.0] AndroidManifest.xml:10:13-78
113            android:authorities="com.privacyshield.app.mlkitinitprovider"
113-->[com.google.mlkit:common:18.11.0] AndroidManifest.xml:11:13-69
114            android:exported="false"
114-->[com.google.mlkit:common:18.11.0] AndroidManifest.xml:12:13-37
115            android:initOrder="99" />
115-->[com.google.mlkit:common:18.11.0] AndroidManifest.xml:13:13-35
116
117        <activity
117-->[com.google.android.gms:play-services-base:18.5.0] AndroidManifest.xml:5:9-173
118            android:name="com.google.android.gms.common.api.GoogleApiActivity"
118-->[com.google.android.gms:play-services-base:18.5.0] AndroidManifest.xml:5:19-85
119            android:exported="false"
119-->[com.google.android.gms:play-services-base:18.5.0] AndroidManifest.xml:5:146-170
120            android:theme="@android:style/Theme.Translucent.NoTitleBar" />
120-->[com.google.android.gms:play-services-base:18.5.0] AndroidManifest.xml:5:86-145
121        <activity
121-->[androidx.compose.ui:ui-test-manifest:1.7.5] AndroidManifest.xml:23:9-25:39
122            android:name="androidx.activity.ComponentActivity"
122-->[androidx.compose.ui:ui-test-manifest:1.7.5] AndroidManifest.xml:24:13-63
123            android:exported="true" />
123-->[androidx.compose.ui:ui-test-manifest:1.7.5] AndroidManifest.xml:25:13-36
124        <activity
124-->[androidx.compose.ui:ui-tooling-android:1.7.5] AndroidManifest.xml:23:9-25:39
125            android:name="androidx.compose.ui.tooling.PreviewActivity"
125-->[androidx.compose.ui:ui-tooling-android:1.7.5] AndroidManifest.xml:24:13-71
126            android:exported="true" />
126-->[androidx.compose.ui:ui-tooling-android:1.7.5] AndroidManifest.xml:25:13-36
127
128        <provider
128-->[androidx.emoji2:emoji2:1.3.0] AndroidManifest.xml:24:9-32:20
129            android:name="androidx.startup.InitializationProvider"
129-->[androidx.emoji2:emoji2:1.3.0] AndroidManifest.xml:25:13-67
130            android:authorities="com.privacyshield.app.androidx-startup"
130-->[androidx.emoji2:emoji2:1.3.0] AndroidManifest.xml:26:13-68
131            android:exported="false" >
131-->[androidx.emoji2:emoji2:1.3.0] AndroidManifest.xml:27:13-37
132            <meta-data
132-->[androidx.emoji2:emoji2:1.3.0] AndroidManifest.xml:29:13-31:52
133                android:name="androidx.emoji2.text.EmojiCompatInitializer"
133-->[androidx.emoji2:emoji2:1.3.0] AndroidManifest.xml:30:17-75
134                android:value="androidx.startup" />
134-->[androidx.emoji2:emoji2:1.3.0] AndroidManifest.xml:31:17-49
135            <meta-data
135-->[androidx.lifecycle:lifecycle-process:2.8.7] AndroidManifest.xml:29:13-31:52
136                android:name="androidx.lifecycle.ProcessLifecycleInitializer"
136-->[androidx.lifecycle:lifecycle-process:2.8.7] AndroidManifest.xml:30:17-78
137                android:value="androidx.startup" />
137-->[androidx.lifecycle:lifecycle-process:2.8.7] AndroidManifest.xml:31:17-49
138            <meta-data
138-->[androidx.profileinstaller:profileinstaller:1.3.1] AndroidManifest.xml:29:13-31:52
139                android:name="androidx.profileinstaller.ProfileInstallerInitializer"
139-->[androidx.profileinstaller:profileinstaller:1.3.1] AndroidManifest.xml:30:17-85
140                android:value="androidx.startup" />
140-->[androidx.profileinstaller:profileinstaller:1.3.1] AndroidManifest.xml:31:17-49
141        </provider>
142
143        <meta-data
143-->[com.google.android.gms:play-services-basement:18.4.0] AndroidManifest.xml:6:9-122
144            android:name="com.google.android.gms.version"
144-->[com.google.android.gms:play-services-basement:18.4.0] AndroidManifest.xml:6:20-65
145            android:value="@integer/google_play_services_version" />
145-->[com.google.android.gms:play-services-basement:18.4.0] AndroidManifest.xml:6:66-119
146
147        <receiver
147-->[androidx.profileinstaller:profileinstaller:1.3.1] AndroidManifest.xml:34:9-52:20
148            android:name="androidx.profileinstaller.ProfileInstallReceiver"
148-->[androidx.profileinstaller:profileinstaller:1.3.1] AndroidManifest.xml:35:13-76
149            android:directBootAware="false"
149-->[androidx.profileinstaller:profileinstaller:1.3.1] AndroidManifest.xml:36:13-44
150            android:enabled="true"
150-->[androidx.profileinstaller:profileinstaller:1.3.1] AndroidManifest.xml:37:13-35
151            android:exported="true"
151-->[androidx.profileinstaller:profileinstaller:1.3.1] AndroidManifest.xml:38:13-36
152            android:permission="android.permission.DUMP" >
152-->[androidx.profileinstaller:profileinstaller:1.3.1] AndroidManifest.xml:39:13-57
153            <intent-filter>
153-->[androidx.profileinstaller:profileinstaller:1.3.1] AndroidManifest.xml:40:13-42:29
154                <action android:name="androidx.profileinstaller.action.INSTALL_PROFILE" />
154-->[androidx.profileinstaller:profileinstaller:1.3.1] AndroidManifest.xml:41:17-91
154-->[androidx.profileinstaller:profileinstaller:1.3.1] AndroidManifest.xml:41:25-88
155            </intent-filter>
156            <intent-filter>
156-->[androidx.profileinstaller:profileinstaller:1.3.1] AndroidManifest.xml:43:13-45:29
157                <action android:name="androidx.profileinstaller.action.SKIP_FILE" />
157-->[androidx.profileinstaller:profileinstaller:1.3.1] AndroidManifest.xml:44:17-85
157-->[androidx.profileinstaller:profileinstaller:1.3.1] AndroidManifest.xml:44:25-82
158            </intent-filter>
159            <intent-filter>
159-->[androidx.profileinstaller:profileinstaller:1.3.1] AndroidManifest.xml:46:13-48:29
160                <action android:name="androidx.profileinstaller.action.SAVE_PROFILE" />
160-->[androidx.profileinstaller:profileinstaller:1.3.1] AndroidManifest.xml:47:17-88
160-->[androidx.profileinstaller:profileinstaller:1.3.1] AndroidManifest.xml:47:25-85
161            </intent-filter>
162            <intent-filter>
162-->[androidx.profileinstaller:profileinstaller:1.3.1] AndroidManifest.xml:49:13-51:29
163                <action android:name="androidx.profileinstaller.action.BENCHMARK_OPERATION" />
163-->[androidx.profileinstaller:profileinstaller:1.3.1] AndroidManifest.xml:50:17-95
163-->[androidx.profileinstaller:profileinstaller:1.3.1] AndroidManifest.xml:50:25-92
164            </intent-filter>
165        </receiver>
166
167        <service
167-->[com.google.android.datatransport:transport-backend-cct:2.3.3] AndroidManifest.xml:29:9-35:19
168            android:name="com.google.android.datatransport.runtime.backends.TransportBackendDiscovery"
168-->[com.google.android.datatransport:transport-backend-cct:2.3.3] AndroidManifest.xml:30:13-103
169            android:exported="false" >
169-->[com.google.android.datatransport:transport-backend-cct:2.3.3] AndroidManifest.xml:31:13-37
170            <meta-data
170-->[com.google.android.datatransport:transport-backend-cct:2.3.3] AndroidManifest.xml:32:13-34:39
171                android:name="backend:com.google.android.datatransport.cct.CctBackendFactory"
171-->[com.google.android.datatransport:transport-backend-cct:2.3.3] AndroidManifest.xml:33:17-94
172                android:value="cct" />
172-->[com.google.android.datatransport:transport-backend-cct:2.3.3] AndroidManifest.xml:34:17-36
173        </service>
174        <service
174-->[com.google.android.datatransport:transport-runtime:2.2.6] AndroidManifest.xml:26:9-30:19
175            android:name="com.google.android.datatransport.runtime.scheduling.jobscheduling.JobInfoSchedulerService"
175-->[com.google.android.datatransport:transport-runtime:2.2.6] AndroidManifest.xml:27:13-117
176            android:exported="false"
176-->[com.google.android.datatransport:transport-runtime:2.2.6] AndroidManifest.xml:28:13-37
177            android:permission="android.permission.BIND_JOB_SERVICE" >
177-->[com.google.android.datatransport:transport-runtime:2.2.6] AndroidManifest.xml:29:13-69
178        </service>
179
180        <receiver
180-->[com.google.android.datatransport:transport-runtime:2.2.6] AndroidManifest.xml:32:9-34:40
181            android:name="com.google.android.datatransport.runtime.scheduling.jobscheduling.AlarmManagerSchedulerBroadcastReceiver"
181-->[com.google.android.datatransport:transport-runtime:2.2.6] AndroidManifest.xml:33:13-132
182            android:exported="false" />
182-->[com.google.android.datatransport:transport-runtime:2.2.6] AndroidManifest.xml:34:13-37
183    </application>
184
185</manifest>